[debug] [2021-03-16T15:47:08.831Z] ----------------------------------------------------------------------
[debug] [2021-03-16T15:47:08.833Z] Command:       /usr/local/bin/node /usr/local/bin/firebase init
[debug] [2021-03-16T15:47:08.833Z] CLI Version:   9.6.1
[debug] [2021-03-16T15:47:08.833Z] Platform:      darwin
[debug] [2021-03-16T15:47:08.833Z] Node Version:  v12.17.0
[debug] [2021-03-16T15:47:08.834Z] Time:          Tue Mar 16 2021 23:47:08 GMT+0800 (Singapore Standard Time)
[debug] [2021-03-16T15:47:08.834Z] ----------------------------------------------------------------------
[debug] [2021-03-16T15:47:08.834Z] 
[debug] [2021-03-16T15:47:08.837Z] > command requires scopes: ["email","openid","https://www.googleapis.com/auth/cloudplatformprojects.readonly","https://www.googleapis.com/auth/firebase","https://www.googleapis.com/auth/cloud-platform"]
[debug] [2021-03-16T15:47:08.837Z] > authorizing via signed-in user
[info] 
     ######## #### ########  ######## ########     ###     ######  ########
     ##        ##  ##     ## ##       ##     ##  ##   ##  ##       ##
     ######    ##  ########  ######   ########  #########  ######  ######
     ##        ##  ##    ##  ##       ##     ## ##     ##       ## ##
     ##       #### ##     ## ######## ########  ##     ##  ######  ########

You're about to initialize a Firebase project in this directory:

  /Users/sharlenequek/Desktop/Academics/AY2021 Sem 2/BT3103/bt3103-week-7

[info] 
=== Project Setup
[info] 
[info] First, let's associate this project directory with a Firebase project.
[info] You can create multiple project aliases by running firebase use --add, 
[info] but for now we'll just set up a default project.
[info] 
[debug] [2021-03-16T15:50:12.206Z] >>> [apiv2][query] GET https://firebase.googleapis.com/v1beta1/projects pageSize=100
[debug] [2021-03-16T15:50:12.913Z] <<< [apiv2][status] GET https://firebase.googleapis.com/v1beta1/projects 200
[debug] [2021-03-16T15:50:12.913Z] <<< [apiv2][body] GET https://firebase.googleapis.com/v1beta1/projects [omitted]
[info] i  Using project bt3103-week-6-977ed (bt3103-week-6) 
[info] 
=== Hosting Setup
[info] 
[info] Your public directory is the folder (relative to your project directory) that
[info] will contain Hosting assets to be uploaded with firebase deploy. If you
[info] have a build process for your assets, use your build's output directory.
[info] 
[debug] [2021-03-16T15:51:44.498Z] >>> [apiv2][query] GET https://www.gstatic.com/firebasejs/releases.json [none]
[debug] [2021-03-16T15:51:44.558Z] <<< [apiv2][status] GET https://www.gstatic.com/firebasejs/releases.json 200
[debug] [2021-03-16T15:51:44.559Z] <<< [apiv2][body] GET https://www.gstatic.com/firebasejs/releases.json {"current":{"version":"8.3.0","browserURL":"https://www.gstatic.com/firebasejs/8.3.0/firebase.js","packageURL":"https://www.gstatic.com/firebasejs/8.3.0/firebase.tgz"},"live":{"version":"8.3","browserURL":"https://www.gstatic.com/firebasejs/live/8.3/firebase.js","packageURL":"https://www.gstatic.com/firebasejs/live/8.3/firebase.tgz"},"components":{"analytics":"https://www.gstatic.com/firebasejs/8.3.0/firebase-analytics.js","app":"https://www.gstatic.com/firebasejs/8.3.0/firebase-app.js","auth":"https://www.gstatic.com/firebasejs/8.3.0/firebase-auth.js","database":"https://www.gstatic.com/firebasejs/8.3.0/firebase-database.js","firestore":"https://www.gstatic.com/firebasejs/8.3.0/firebase-firestore.js","functions":"https://www.gstatic.com/firebasejs/8.3.0/firebase-functions.js","installations":"https://www.gstatic.com/firebasejs/8.3.0/firebase-installations.js","messaging":"https://www.gstatic.com/firebasejs/8.3.0/firebase-messaging.js","storage":"https://www.gstatic.com/firebasejs/8.3.0/firebase-storage.js","performance":"https://www.gstatic.com/firebasejs/8.3.0/firebase-performance.js","remote-config":"https://www.gstatic.com/firebasejs/8.3.0/firebase-remote-config.js","firestore.memory":"https://www.gstatic.com/firebasejs/8.3.0/firebase-firestore.memory.js"}}
[info] ✔  Wrote dist/index.html 
[info] 
[info] i  Detected a .git folder at /Users/sharlenequek 
[info] i  Authorizing with GitHub to upload your service account to a GitHub repository's secrets store. 
[info] 
[info] Visit this URL on this device to log in:
[info] https://github.com/login/oauth/authorize?client_id=89cf50f02ac6aaed3484&state=292338597&redirect_uri=http%3A%2F%2Flocalhost%3A9005&scope=read%3Auser%20repo%20public_repo
[info] 
[info] Waiting for authentication...
[debug] [2021-03-16T15:51:59.559Z] >>> HTTP REQUEST POST https://github.com/login/oauth/access_token  
 {"client_id":"89cf50f02ac6aaed3484","client_secret":"3330d14abc895d9a74d5f17cd7a00711fa2c5bf0","code":"958672035388434c7a31","redirect_uri":"http://localhost:9005","state":"292338597"}
[debug] [2021-03-16T15:51:59.902Z] <<< HTTP RESPONSE 200 {"server":"GitHub.com","date":"Tue, 16 Mar 2021 15:51:59 GMT","content-type":"application/json; charset=utf-8","transfer-encoding":"chunked","vary":"X-PJAX, Accept-Encoding, Accept, X-Requested-With","etag":"W/\"e62e9038203ecaba2e622d7a72986aa1\"","cache-control":"max-age=0, private, must-revalidate","strict-transport-security":"max-age=31536000; includeSubdomains; preload","x-frame-options":"deny","x-content-type-options":"nosniff","x-xss-protection":"0","referrer-policy":"origin-when-cross-origin, strict-origin-when-cross-origin","expect-ct":"max-age=2592000, report-uri=\"https://api.github.com/_private/browser/errors\"","content-security-policy":"default-src 'none'; base-uri 'self'; block-all-mixed-content; connect-src 'self' uploads.github.com www.githubstatus.com collector.githubapp.com api.github.com github-cloud.s3.amazonaws.com github-production-repository-file-5c1aeb.s3.amazonaws.com github-production-upload-manifest-file-7fdce7.s3.amazonaws.com github-production-user-asset-6210df.s3.amazonaws.com cdn.optimizely.com logx.optimizely.com/v1/events wss://alive.github.com; font-src github.githubassets.com; form-action 'self' github.com gist.github.com; frame-ancestors 'none'; frame-src render.githubusercontent.com; img-src 'self' data: github.githubassets.com identicons.github.com collector.githubapp.com github-cloud.s3.amazonaws.com secured-user-images.githubusercontent.com/ *.githubusercontent.com; manifest-src 'self'; media-src 'none'; script-src github.githubassets.com; style-src 'unsafe-inline' github.githubassets.com; worker-src github.com/socket-worker-6832eced.js gist.github.com/socket-worker-6832eced.js","x-github-request-id":"CF34:6D41:17C9D5:18F972:6050D41F"}
[debug] [2021-03-16T15:51:59.906Z] >>> [apiv2][query] GET https://api.github.com/user [none]
[debug] [2021-03-16T15:52:00.413Z] <<< [apiv2][status] GET https://api.github.com/user 200
[debug] [2021-03-16T15:52:00.414Z] <<< [apiv2][body] GET https://api.github.com/user {"login":"sharleneq","id":65596820,"node_id":"MDQ6VXNlcjY1NTk2ODIw","avatar_url":"https://avatars.githubusercontent.com/u/65596820?v=4","gravatar_id":"","url":"https://api.github.com/users/sharleneq","html_url":"https://github.com/sharleneq","followers_url":"https://api.github.com/users/sharleneq/followers","following_url":"https://api.github.com/users/sharleneq/following{/other_user}","gists_url":"https://api.github.com/users/sharleneq/gists{/gist_id}","starred_url":"https://api.github.com/users/sharleneq/starred{/owner}{/repo}","subscriptions_url":"https://api.github.com/users/sharleneq/subscriptions","organizations_url":"https://api.github.com/users/sharleneq/orgs","repos_url":"https://api.github.com/users/sharleneq/repos","events_url":"https://api.github.com/users/sharleneq/events{/privacy}","received_events_url":"https://api.github.com/users/sharleneq/received_events","type":"User","site_admin":false,"name":null,"company":null,"blog":"","location":null,"email":null,"hireable":null,"bio":null,"twitter_username":null,"public_repos":3,"public_gists":0,"followers":0,"following":0,"created_at":"2020-05-19T09:36:49Z","updated_at":"2021-03-16T15:51:51Z","private_gists":0,"total_private_repos":0,"owned_private_repos":0,"disk_usage":1,"collaborators":0,"two_factor_authentication":false,"plan":{"name":"free","space":976562499,"collaborators":0,"private_repos":10000}}
[info] 
[info] ✔  Success! Logged into GitHub as sharleneq 
[info] 
[debug] [2021-03-16T15:54:52.803Z] >>> [apiv2][query] GET https://api.github.com/repos/sharleneq/yummytummyzichar/actions/secrets/public-key type=owner
[debug] [2021-03-16T15:54:53.882Z] <<< [apiv2][status] GET https://api.github.com/repos/sharleneq/yummytummyzichar/actions/secrets/public-key 404
[debug] [2021-03-16T15:54:53.882Z] <<< [apiv2][body] GET https://api.github.com/repos/sharleneq/yummytummyzichar/actions/secrets/public-key {"message":"Not Found","documentation_url":"https://docs.github.com/rest/reference/actions#get-a-repository-public-key"}
[debug] [2021-03-16T15:55:11.606Z] >>> [apiv2][query] GET https://api.github.com/repos/sharleneq/yummytummyzichar/actions/secrets/public-key type=owner
[debug] [2021-03-16T15:55:12.002Z] <<< [apiv2][status] GET https://api.github.com/repos/sharleneq/yummytummyzichar/actions/secrets/public-key 404
[debug] [2021-03-16T15:55:12.002Z] <<< [apiv2][body] GET https://api.github.com/repos/sharleneq/yummytummyzichar/actions/secrets/public-key {"message":"Not Found","documentation_url":"https://docs.github.com/rest/reference/actions#get-a-repository-public-key"}
